==========================
Processing function: main
blocks =
main:
t0 := $x8
t1 := $x1
t2 := $x9
t3 := $x18
t4 := $x19
t5 := $x20
t6 := $x21
t7 := $x22
t8 := $x23
t9 := $x24
t10 := $x25
t11 := $x26
t12 := $x27
t13 := 12
t14 := 4
t15 := t13+t14
$x10 := t15
jump .L0

.L1:
jump .L0

.L0:
$x8 := t0
$x1 := t1
$x9 := t2
$x18 := t3
$x19 := t4
$x20 := t5
$x21 := t6
$x22 := t7
$x23 := t8
$x24 := t9
$x25 := t10
$x26 := t11
$x27 := t12
return

{
  $x1	: {t0,t10,t11,t12,t2,t3,t4,t5,t6,t7,t8,t9}
  $x8	: {t1,t10,t11,t12,t2,t3,t4,t5,t6,t7,t8,t9}
  $x9	: {$x18,$x19,$x20,$x21,$x22,$x23,$x24,$x25,$x26,$x27,t0,t1,t10,t11,t12,t3,t4,t5,t6,t7,t8,t9}
  $x10	: {t0,t1,t10,t11,t12,t2,t3,t4,t5,t6,t7,t8,t9}
  $x18	: {$x9,$x19,$x20,$x21,$x22,$x23,$x24,$x25,$x26,$x27,t0,t1,t10,t11,t12,t2,t4,t5,t6,t7,t8,t9}
  $x19	: {$x9,$x18,$x20,$x21,$x22,$x23,$x24,$x25,$x26,$x27,t0,t1,t10,t11,t12,t2,t3,t5,t6,t7,t8,t9}
  $x20	: {$x9,$x18,$x19,$x21,$x22,$x23,$x24,$x25,$x26,$x27,t0,t1,t10,t11,t12,t2,t3,t4,t6,t7,t8,t9}
  $x21	: {$x9,$x18,$x19,$x20,$x22,$x23,$x24,$x25,$x26,$x27,t0,t1,t10,t11,t12,t2,t3,t4,t5,t7,t8,t9}
  $x22	: {$x9,$x18,$x19,$x20,$x21,$x23,$x24,$x25,$x26,$x27,t0,t1,t10,t11,t12,t2,t3,t4,t5,t6,t8,t9}
  $x23	: {$x9,$x18,$x19,$x20,$x21,$x22,$x24,$x25,$x26,$x27,t0,t1,t10,t11,t12,t2,t3,t4,t5,t6,t7,t9}
  $x24	: {$x9,$x18,$x19,$x20,$x21,$x22,$x23,$x25,$x26,$x27,t0,t1,t10,t11,t12,t2,t3,t4,t5,t6,t7,t8}
  $x25	: {$x9,$x18,$x19,$x20,$x21,$x22,$x23,$x24,$x26,$x27,t0,t1,t11,t12,t2,t3,t4,t5,t6,t7,t8,t9}
  $x26	: {$x9,$x18,$x19,$x20,$x21,$x22,$x23,$x24,$x25,$x27,t0,t1,t10,t12,t2,t3,t4,t5,t6,t7,t8,t9}
  $x27	: {$x9,$x18,$x19,$x20,$x21,$x22,$x23,$x24,$x25,$x26,t0,t1,t10,t11,t2,t3,t4,t5,t6,t7,t8,t9}
  t0	: {$x1,$x9,$x10,$x18,$x19,$x20,$x21,$x22,$x23,$x24,$x25,$x26,$x27,t1,t10,t11,t12,t13,t14,t15,t2,t3,t4,t5,t6,t7,t8,t9}
  t1	: {$x8,$x9,$x10,$x18,$x19,$x20,$x21,$x22,$x23,$x24,$x25,$x26,$x27,t0,t10,t11,t12,t13,t14,t15,t2,t3,t4,t5,t6,t7,t8,t9}
  t10	: {$x1,$x8,$x9,$x10,$x18,$x19,$x20,$x21,$x22,$x23,$x24,$x26,$x27,t0,t1,t11,t12,t13,t14,t15,t2,t3,t4,t5,t6,t7,t8,t9}
  t11	: {$x1,$x8,$x9,$x10,$x18,$x19,$x20,$x21,$x22,$x23,$x24,$x25,$x27,t0,t1,t10,t12,t13,t14,t15,t2,t3,t4,t5,t6,t7,t8,t9}
  t12	: {$x1,$x8,$x9,$x10,$x18,$x19,$x20,$x21,$x22,$x23,$x24,$x25,$x26,t0,t1,t10,t11,t13,t14,t15,t2,t3,t4,t5,t6,t7,t8,t9}
  t13	: {t0,t1,t10,t11,t12,t14,t2,t3,t4,t5,t6,t7,t8,t9}
  t14	: {t0,t1,t10,t11,t12,t13,t2,t3,t4,t5,t6,t7,t8,t9}
  t15	: {t0,t1,t10,t11,t12,t2,t3,t4,t5,t6,t7,t8,t9}
  t2	: {$x1,$x8,$x10,$x18,$x19,$x20,$x21,$x22,$x23,$x24,$x25,$x26,$x27,t0,t1,t10,t11,t12,t13,t14,t15,t3,t4,t5,t6,t7,t8,t9}
  t3	: {$x1,$x8,$x9,$x10,$x19,$x20,$x21,$x22,$x23,$x24,$x25,$x26,$x27,t0,t1,t10,t11,t12,t13,t14,t15,t2,t4,t5,t6,t7,t8,t9}
  t4	: {$x1,$x8,$x9,$x10,$x18,$x20,$x21,$x22,$x23,$x24,$x25,$x26,$x27,t0,t1,t10,t11,t12,t13,t14,t15,t2,t3,t5,t6,t7,t8,t9}
  t5	: {$x1,$x8,$x9,$x10,$x18,$x19,$x21,$x22,$x23,$x24,$x25,$x26,$x27,t0,t1,t10,t11,t12,t13,t14,t15,t2,t3,t4,t6,t7,t8,t9}
  t6	: {$x1,$x8,$x9,$x10,$x18,$x19,$x20,$x22,$x23,$x24,$x25,$x26,$x27,t0,t1,t10,t11,t12,t13,t14,t15,t2,t3,t4,t5,t7,t8,t9}
  t7	: {$x1,$x8,$x9,$x10,$x18,$x19,$x20,$x21,$x23,$x24,$x25,$x26,$x27,t0,t1,t10,t11,t12,t13,t14,t15,t2,t3,t4,t5,t6,t8,t9}
  t8	: {$x1,$x8,$x9,$x10,$x18,$x19,$x20,$x21,$x22,$x24,$x25,$x26,$x27,t0,t1,t10,t11,t12,t13,t14,t15,t2,t3,t4,t5,t6,t7,t9}
  t9	: {$x1,$x8,$x9,$x10,$x18,$x19,$x20,$x21,$x22,$x23,$x25,$x26,$x27,t0,t1,t10,t11,t12,t13,t14,t15,t2,t3,t4,t5,t6,t7,t8}
}
