Omitting callee-saved register handling
==========================
Processing function: main
blocks =
main:
t0 := 12
t1 := 4
t2 := t0+t1
$x10 := t2
jump .L0

.L1:
jump .L0

.L0:
return

{
  $x9	: {$x10,t0,t1,t2}
  $x10	: {$x9,$x18,$x19,$x20,$x21,$x22,$x23,$x24,$x25,$x26,$x27}
  $x18	: {$x10,t0,t1,t2}
  $x19	: {$x10,t0,t1,t2}
  $x20	: {$x10,t0,t1,t2}
  $x21	: {$x10,t0,t1,t2}
  $x22	: {$x10,t0,t1,t2}
  $x23	: {$x10,t0,t1,t2}
  $x24	: {$x10,t0,t1,t2}
  $x25	: {$x10,t0,t1,t2}
  $x26	: {$x10,t0,t1,t2}
  $x27	: {$x10,t0,t1,t2}
  t0	: {$x9,$x18,$x19,$x20,$x21,$x22,$x23,$x24,$x25,$x26,$x27,t1}
  t1	: {$x9,$x18,$x19,$x20,$x21,$x22,$x23,$x24,$x25,$x26,$x27,t0}
  t2	: {$x9,$x18,$x19,$x20,$x21,$x22,$x23,$x24,$x25,$x26,$x27}
}
