==========================
Processing function: main
blocks =
main:
t0 := $x8
t1 := $x1
t2 := $x9
t3 := $x18
t4 := $x19
t5 := $x20
t6 := $x21
t7 := $x22
t8 := $x23
t9 := $x24
t10 := $x25
t11 := $x26
t12 := $x27
t13 := 2
t14 := 3
t15 := 0
t16 := 0
t17 := 0
t18 := 0
t19 := 0
t20 := 0
t21 := 0
t22 := 0
if t13<0 goto .L3 else goto .L6

.L6:
if t13>3 goto .L3 else goto .L5

.L5:
if t14<0 goto .L3 else goto .L4

.L4:
if t14>3 goto .L3 else goto .L2

.L3:
t23 := 0-1
$x10 := t23
jump .L0

.L7:
jump .L1

.L2:
jump .L1

.L1:
if t13>=2 goto .L10 else goto .L9

.L10:
t15 := 1
jump .L8

.L9:
t15 := 0
jump .L8

.L8:
t24 := 2*t15
t25 := t13-t24
t17 := t25
if t14>=2 goto .L13 else goto .L12

.L13:
t16 := 1
jump .L11

.L12:
t16 := 0
jump .L11

.L11:
t26 := 2*t16
t27 := t14-t26
t18 := t27
if t17!=0 goto .L17 else goto .L18

.L18:
if t18!=0 goto .L17 else goto .L15

.L17:
if t17!=0 goto .L19 else goto .L16

.L19:
if t18!=0 goto .L15 else goto .L16

.L16:
t19 := 1
jump .L14

.L15:
t19 := 0
jump .L14

.L14:
if t17!=0 goto .L23 else goto .L21

.L23:
if t18!=0 goto .L22 else goto .L21

.L22:
t20 := 1
jump .L20

.L21:
t20 := 0
jump .L20

.L20:
if t15!=0 goto .L31 else goto .L29

.L31:
if t16!=0 goto .L30 else goto .L29

.L30:
if t20!=0 goto .L26 else goto .L29

.L29:
if t15!=0 goto .L33 else goto .L28

.L33:
if t16!=0 goto .L28 else goto .L32

.L32:
if t20!=0 goto .L28 else goto .L26

.L28:
if t15!=0 goto .L27 else goto .L35

.L35:
if t16!=0 goto .L34 else goto .L27

.L34:
if t20!=0 goto .L27 else goto .L26

.L27:
if t15!=0 goto .L25 else goto .L37

.L37:
if t16!=0 goto .L25 else goto .L36

.L36:
if t20!=0 goto .L26 else goto .L25

.L26:
t21 := 1
jump .L24

.L25:
t21 := 0
jump .L24

.L24:
if t15!=0 goto .L43 else goto .L42

.L43:
if t16!=0 goto .L40 else goto .L42

.L42:
if t15!=0 goto .L44 else goto .L41

.L44:
if t20!=0 goto .L40 else goto .L41

.L41:
if t16!=0 goto .L45 else goto .L39

.L45:
if t20!=0 goto .L40 else goto .L39

.L40:
t22 := 1
jump .L38

.L39:
t22 := 0
jump .L38

.L38:
t28 := 4*t22
t29 := 2*t21
t30 := t28+t29
t31 := t30+t19
$x10 := t31
jump .L0

.L46:
jump .L0

.L0:
$x8 := t0
$x1 := t1
$x9 := t2
$x18 := t3
$x19 := t4
$x20 := t5
$x21 := t6
$x22 := t7
$x23 := t8
$x24 := t9
$x25 := t10
$x26 := t11
$x27 := t12
return

{
  $x1	: {t0,t10,t11,t12,t2,t3,t4,t5,t6,t7,t8,t9}
  $x8	: {t1,t10,t11,t12,t2,t3,t4,t5,t6,t7,t8,t9}
  $x9	: {$x18,$x19,$x20,$x21,$x22,$x23,$x24,$x25,$x26,$x27,t0,t1,t10,t11,t12,t3,t4,t5,t6,t7,t8,t9}
  $x10	: {t0,t1,t10,t11,t12,t2,t3,t4,t5,t6,t7,t8,t9}
  $x18	: {$x9,$x19,$x20,$x21,$x22,$x23,$x24,$x25,$x26,$x27,t0,t1,t10,t11,t12,t2,t4,t5,t6,t7,t8,t9}
  $x19	: {$x9,$x18,$x20,$x21,$x22,$x23,$x24,$x25,$x26,$x27,t0,t1,t10,t11,t12,t2,t3,t5,t6,t7,t8,t9}
  $x20	: {$x9,$x18,$x19,$x21,$x22,$x23,$x24,$x25,$x26,$x27,t0,t1,t10,t11,t12,t2,t3,t4,t6,t7,t8,t9}
  $x21	: {$x9,$x18,$x19,$x20,$x22,$x23,$x24,$x25,$x26,$x27,t0,t1,t10,t11,t12,t2,t3,t4,t5,t7,t8,t9}
  $x22	: {$x9,$x18,$x19,$x20,$x21,$x23,$x24,$x25,$x26,$x27,t0,t1,t10,t11,t12,t2,t3,t4,t5,t6,t8,t9}
  $x23	: {$x9,$x18,$x19,$x20,$x21,$x22,$x24,$x25,$x26,$x27,t0,t1,t10,t11,t12,t2,t3,t4,t5,t6,t7,t9}
  $x24	: {$x9,$x18,$x19,$x20,$x21,$x22,$x23,$x25,$x26,$x27,t0,t1,t10,t11,t12,t2,t3,t4,t5,t6,t7,t8}
  $x25	: {$x9,$x18,$x19,$x20,$x21,$x22,$x23,$x24,$x26,$x27,t0,t1,t11,t12,t2,t3,t4,t5,t6,t7,t8,t9}
  $x26	: {$x9,$x18,$x19,$x20,$x21,$x22,$x23,$x24,$x25,$x27,t0,t1,t10,t12,t2,t3,t4,t5,t6,t7,t8,t9}
  $x27	: {$x9,$x18,$x19,$x20,$x21,$x22,$x23,$x24,$x25,$x26,t0,t1,t10,t11,t2,t3,t4,t5,t6,t7,t8,t9}
  t0	: {$x1,$x9,$x10,$x18,$x19,$x20,$x21,$x22,$x23,$x24,$x25,$x26,$x27,t1,t10,t11,t12,t13,t14,t15,t16,t17,t18,t19,t2,t20,t21,t22,t23,t24,t25,t26,t27,t28,t29,t3,t30,t31,t4,t5,t6,t7,t8,t9}
  t1	: {$x8,$x9,$x10,$x18,$x19,$x20,$x21,$x22,$x23,$x24,$x25,$x26,$x27,t0,t10,t11,t12,t13,t14,t15,t16,t17,t18,t19,t2,t20,t21,t22,t23,t24,t25,t26,t27,t28,t29,t3,t30,t31,t4,t5,t6,t7,t8,t9}
  t10	: {$x1,$x8,$x9,$x10,$x18,$x19,$x20,$x21,$x22,$x23,$x24,$x26,$x27,t0,t1,t11,t12,t13,t14,t15,t16,t17,t18,t19,t2,t20,t21,t22,t23,t24,t25,t26,t27,t28,t29,t3,t30,t31,t4,t5,t6,t7,t8,t9}
  t11	: {$x1,$x8,$x9,$x10,$x18,$x19,$x20,$x21,$x22,$x23,$x24,$x25,$x27,t0,t1,t10,t12,t13,t14,t15,t16,t17,t18,t19,t2,t20,t21,t22,t23,t24,t25,t26,t27,t28,t29,t3,t30,t31,t4,t5,t6,t7,t8,t9}
  t12	: {$x1,$x8,$x9,$x10,$x18,$x19,$x20,$x21,$x22,$x23,$x24,$x25,$x26,t0,t1,t10,t11,t13,t14,t15,t16,t17,t18,t19,t2,t20,t21,t22,t23,t24,t25,t26,t27,t28,t29,t3,t30,t31,t4,t5,t6,t7,t8,t9}
  t13	: {t0,t1,t10,t11,t12,t14,t15,t16,t17,t18,t19,t2,t20,t21,t22,t24,t3,t4,t5,t6,t7,t8,t9}
  t14	: {t0,t1,t10,t11,t12,t13,t15,t16,t17,t18,t19,t2,t20,t21,t22,t24,t25,t26,t3,t4,t5,t6,t7,t8,t9}
  t15	: {t0,t1,t10,t11,t12,t13,t14,t16,t17,t18,t19,t2,t20,t21,t24,t25,t26,t27,t3,t4,t5,t6,t7,t8,t9}
  t16	: {t0,t1,t10,t11,t12,t13,t14,t15,t17,t18,t19,t2,t20,t21,t26,t27,t3,t4,t5,t6,t7,t8,t9}
  t17	: {t0,t1,t10,t11,t12,t13,t14,t15,t16,t18,t19,t2,t26,t27,t3,t4,t5,t6,t7,t8,t9}
  t18	: {t0,t1,t10,t11,t12,t13,t14,t15,t16,t17,t19,t2,t3,t4,t5,t6,t7,t8,t9}
  t19	: {t0,t1,t10,t11,t12,t13,t14,t15,t16,t17,t18,t2,t20,t21,t22,t28,t29,t3,t30,t4,t5,t6,t7,t8,t9}
  t2	: {$x1,$x8,$x10,$x18,$x19,$x20,$x21,$x22,$x23,$x24,$x25,$x26,$x27,t0,t1,t10,t11,t12,t13,t14,t15,t16,t17,t18,t19,t20,t21,t22,t23,t24,t25,t26,t27,t28,t29,t3,t30,t31,t4,t5,t6,t7,t8,t9}
  t20	: {t0,t1,t10,t11,t12,t13,t14,t15,t16,t19,t2,t21,t3,t4,t5,t6,t7,t8,t9}
  t21	: {t0,t1,t10,t11,t12,t13,t14,t15,t16,t19,t2,t20,t22,t28,t3,t4,t5,t6,t7,t8,t9}
  t22	: {t0,t1,t10,t11,t12,t13,t14,t19,t2,t21,t3,t4,t5,t6,t7,t8,t9}
  t23	: {t0,t1,t10,t11,t12,t2,t3,t4,t5,t6,t7,t8,t9}
  t24	: {t0,t1,t10,t11,t12,t13,t14,t15,t2,t3,t4,t5,t6,t7,t8,t9}
  t25	: {t0,t1,t10,t11,t12,t14,t15,t2,t3,t4,t5,t6,t7,t8,t9}
  t26	: {t0,t1,t10,t11,t12,t14,t15,t16,t17,t2,t3,t4,t5,t6,t7,t8,t9}
  t27	: {t0,t1,t10,t11,t12,t15,t16,t17,t2,t3,t4,t5,t6,t7,t8,t9}
  t28	: {t0,t1,t10,t11,t12,t19,t2,t21,t29,t3,t4,t5,t6,t7,t8,t9}
  t29	: {t0,t1,t10,t11,t12,t19,t2,t28,t3,t4,t5,t6,t7,t8,t9}
  t3	: {$x1,$x8,$x9,$x10,$x19,$x20,$x21,$x22,$x23,$x24,$x25,$x26,$x27,t0,t1,t10,t11,t12,t13,t14,t15,t16,t17,t18,t19,t2,t20,t21,t22,t23,t24,t25,t26,t27,t28,t29,t30,t31,t4,t5,t6,t7,t8,t9}
  t30	: {t0,t1,t10,t11,t12,t19,t2,t3,t4,t5,t6,t7,t8,t9}
  t31	: {t0,t1,t10,t11,t12,t2,t3,t4,t5,t6,t7,t8,t9}
  t4	: {$x1,$x8,$x9,$x10,$x18,$x20,$x21,$x22,$x23,$x24,$x25,$x26,$x27,t0,t1,t10,t11,t12,t13,t14,t15,t16,t17,t18,t19,t2,t20,t21,t22,t23,t24,t25,t26,t27,t28,t29,t3,t30,t31,t5,t6,t7,t8,t9}
  t5	: {$x1,$x8,$x9,$x10,$x18,$x19,$x21,$x22,$x23,$x24,$x25,$x26,$x27,t0,t1,t10,t11,t12,t13,t14,t15,t16,t17,t18,t19,t2,t20,t21,t22,t23,t24,t25,t26,t27,t28,t29,t3,t30,t31,t4,t6,t7,t8,t9}
  t6	: {$x1,$x8,$x9,$x10,$x18,$x19,$x20,$x22,$x23,$x24,$x25,$x26,$x27,t0,t1,t10,t11,t12,t13,t14,t15,t16,t17,t18,t19,t2,t20,t21,t22,t23,t24,t25,t26,t27,t28,t29,t3,t30,t31,t4,t5,t7,t8,t9}
  t7	: {$x1,$x8,$x9,$x10,$x18,$x19,$x20,$x21,$x23,$x24,$x25,$x26,$x27,t0,t1,t10,t11,t12,t13,t14,t15,t16,t17,t18,t19,t2,t20,t21,t22,t23,t24,t25,t26,t27,t28,t29,t3,t30,t31,t4,t5,t6,t8,t9}
  t8	: {$x1,$x8,$x9,$x10,$x18,$x19,$x20,$x21,$x22,$x24,$x25,$x26,$x27,t0,t1,t10,t11,t12,t13,t14,t15,t16,t17,t18,t19,t2,t20,t21,t22,t23,t24,t25,t26,t27,t28,t29,t3,t30,t31,t4,t5,t6,t7,t9}
  t9	: {$x1,$x8,$x9,$x10,$x18,$x19,$x20,$x21,$x22,$x23,$x25,$x26,$x27,t0,t1,t10,t11,t12,t13,t14,t15,t16,t17,t18,t19,t2,t20,t21,t22,t23,t24,t25,t26,t27,t28,t29,t3,t30,t31,t4,t5,t6,t7,t8}
}
